<?xml version="1.0" encoding="UTF-8"?>
<coverage generated="1771097457362" clover="3.2.0">
  <project timestamp="1771097457363" name="All files">
    <metrics statements="53" coveredstatements="42" conditionals="24" coveredconditionals="11" methods="21" coveredmethods="14" elements="98" coveredelements="67" complexity="0" loc="53" ncloc="53" packages="3" files="3" classes="3"/>
    <package name="components.common.Button">
      <metrics statements="3" coveredstatements="3" conditionals="0" coveredconditionals="0" methods="1" coveredmethods="1"/>
      <file name="Button.jsx" path="C:\Users\Asus\Downloads\Gluva-main\Gluva-main\src\components\common\Button\Button.jsx">
        <metrics statements="3" coveredstatements="3" conditionals="0" coveredconditionals="0" methods="1" coveredmethods="1"/>
        <line num="3" count="1" type="stmt"/>
        <line num="4" count="5" type="stmt"/>
        <line num="22" count="1" type="stmt"/>
      </file>
    </package>
    <package name="components.features.ProductCard">
      <metrics statements="19" coveredstatements="16" conditionals="14" coveredconditionals="8" methods="8" coveredmethods="6"/>
      <file name="ProductCard.jsx" path="C:\Users\Asus\Downloads\Gluva-main\Gluva-main\src\components\features\ProductCard\ProductCard.jsx">
        <metrics statements="19" coveredstatements="16" conditionals="14" coveredconditionals="8" methods="8" coveredmethods="6"/>
        <line num="4" count="1" type="cond" truecount="2" falsecount="0"/>
        <line num="5" count="11" type="stmt"/>
        <line num="6" count="11" type="stmt"/>
        <line num="8" count="11" type="stmt"/>
        <line num="9" count="0" type="cond" truecount="0" falsecount="2"/>
        <line num="10" count="0" type="stmt"/>
        <line num="11" count="0" type="stmt"/>
        <line num="14" count="11" type="cond" truecount="1" falsecount="1"/>
        <line num="16" count="11" type="stmt"/>
        <line num="17" count="2" type="stmt"/>
        <line num="20" count="11" type="stmt"/>
        <line num="21" count="1" type="cond" truecount="1" falsecount="1"/>
        <line num="22" count="1" type="stmt"/>
        <line num="26" count="11" type="stmt"/>
        <line num="28" count="11" type="stmt"/>
        <line num="29" count="1" type="stmt"/>
        <line num="30" count="1" type="stmt"/>
        <line num="31" count="1" type="stmt"/>
        <line num="34" count="11" type="stmt"/>
      </file>
    </package>
    <package name="context">
      <metrics statements="31" coveredstatements="23" conditionals="10" coveredconditionals="3" methods="12" coveredmethods="7"/>
      <file name="CartContext.jsx" path="C:\Users\Asus\Downloads\Gluva-main\Gluva-main\src\context\CartContext.jsx">
        <metrics statements="31" coveredstatements="23" conditionals="10" coveredconditionals="3" methods="12" coveredmethods="7"/>
        <line num="3" count="1" type="stmt"/>
        <line num="5" count="1" type="stmt"/>
        <line num="11" count="1" type="stmt"/>
        <line num="12" count="1" type="cond" truecount="1" falsecount="3"/>
        <line num="14" count="1" type="stmt"/>
        <line num="15" count="1" type="stmt"/>
        <line num="17" count="1" type="cond" truecount="1" falsecount="1"/>
        <line num="18" count="0" type="stmt"/>
        <line num="21" count="0" type="cond" truecount="0" falsecount="2"/>
        <line num="26" count="1" type="stmt"/>
        <line num="40" count="0" type="stmt"/>
        <line num="42" count="0" type="stmt"/>
        <line num="45" count="0" type="stmt"/>
        <line num="47" count="0" type="stmt"/>
        <line num="51" count="1" type="stmt"/>
        <line num="52" count="8" type="stmt"/>
        <line num="54" count="8" type="stmt"/>
        <line num="55" count="8" type="stmt"/>
        <line num="58" count="8" type="stmt"/>
        <line num="59" count="1" type="stmt"/>
        <line num="62" count="8" type="stmt"/>
        <line num="63" count="0" type="stmt"/>
        <line num="66" count="8" type="stmt"/>
        <line num="67" count="0" type="stmt"/>
        <line num="70" count="8" type="stmt"/>
        <line num="71" count="8" type="stmt"/>
        <line num="81" count="8" type="stmt"/>
        <line num="84" count="1" type="stmt"/>
        <line num="85" count="11" type="stmt"/>
        <line num="86" count="11" type="cond" truecount="1" falsecount="1"/>
        <line num="87" count="11" type="stmt"/>
      </file>
    </package>
  </project>
</coverage>
