{"C:\\Users\\Asus\\Downloads\\Gluva-main\\Gluva-main\\src\\components\\common\\Button\\Button.jsx": {"path":"C:\\Users\\Asus\\Downloads\\Gluva-main\\Gluva-main\\src\\components\\common\\Button\\Button.jsx","statementMap":{"0":{"start":{"line":3,"column":15},"end":{"line":20,"column":null}},"1":{"start":{"line":4,"column":2},"end":{"line":18,"column":null}},"2":{"start":{"line":22,"column":0},"end":{"line":30,"column":null}}},"fnMap":{"0":{"name":"(anonymous_0)","decl":{"start":{"line":3,"column":15},"end":{"line":3,"column":16}},"loc":{"start":{"line":3,"column":90},"end":{"line":20,"column":null}},"line":3}},"branchMap":{},"s":{"0":1,"1":5,"2":1},"f":{"0":5},"b":{},"meta":{"lastBranch":0,"lastFunction":1,"lastStatement":3,"seen":{"s:3:15:20:Infinity":0,"f:3:15:3:16":0,"s:4:2:18:Infinity":1,"s:22:0:30:Infinity":2}}}
,"C:\\Users\\Asus\\Downloads\\Gluva-main\\Gluva-main\\src\\components\\features\\ProductCard\\ProductCard.jsx": {"path":"C:\\Users\\Asus\\Downloads\\Gluva-main\\Gluva-main\\src\\components\\features\\ProductCard\\ProductCard.jsx","statementMap":{"0":{"start":{"line":4,"column":20},"end":{"line":106,"column":null}},"1":{"start":{"line":5,"column":20},"end":{"line":5,"column":null}},"2":{"start":{"line":6,"column":30},"end":{"line":6,"column":null}},"3":{"start":{"line":8,"column":26},"end":{"line":12,"column":null}},"4":{"start":{"line":9,"column":4},"end":{"line":9,"column":null}},"5":{"start":{"line":9,"column":14},"end":{"line":9,"column":null}},"6":{"start":{"line":10,"column":28},"end":{"line":10,"column":null}},"7":{"start":{"line":11,"column":4},"end":{"line":11,"column":null}},"8":{"start":{"line":11,"column":41},"end":{"line":11,"column":72}},"9":{"start":{"line":14,"column":26},"end":{"line":14,"column":null}},"10":{"start":{"line":16,"column":27},"end":{"line":18,"column":null}},"11":{"start":{"line":17,"column":4},"end":{"line":17,"column":null}},"12":{"start":{"line":17,"column":26},"end":{"line":17,"column":36}},"13":{"start":{"line":20,"column":27},"end":{"line":24,"column":null}},"14":{"start":{"line":21,"column":4},"end":{"line":23,"column":null}},"15":{"start":{"line":22,"column":6},"end":{"line":22,"column":null}},"16":{"start":{"line":22,"column":28},"end":{"line":22,"column":38}},"17":{"start":{"line":26,"column":8},"end":{"line":26,"column":null}},"18":{"start":{"line":28,"column":22},"end":{"line":32,"column":null}},"19":{"start":{"line":29,"column":20},"end":{"line":29,"column":null}},"20":{"start":{"line":30,"column":4},"end":{"line":30,"column":null}},"21":{"start":{"line":31,"column":4},"end":{"line":31,"column":null}},"22":{"start":{"line":34,"column":2},"end":{"line":104,"column":null}}},"fnMap":{"0":{"name":"(anonymous_0)","decl":{"start":{"line":4,"column":20},"end":{"line":4,"column":21}},"loc":{"start":{"line":4,"column":88},"end":{"line":106,"column":null}},"line":4},"1":{"name":"(anonymous_1)","decl":{"start":{"line":8,"column":26},"end":{"line":8,"column":27}},"loc":{"start":{"line":8,"column":35},"end":{"line":12,"column":null}},"line":8},"2":{"name":"(anonymous_2)","decl":{"start":{"line":11,"column":32},"end":{"line":11,"column":33}},"loc":{"start":{"line":11,"column":41},"end":{"line":11,"column":72}},"line":11},"3":{"name":"(anonymous_3)","decl":{"start":{"line":16,"column":27},"end":{"line":16,"column":33}},"loc":{"start":{"line":16,"column":33},"end":{"line":18,"column":null}},"line":16},"4":{"name":"(anonymous_4)","decl":{"start":{"line":17,"column":16},"end":{"line":17,"column":17}},"loc":{"start":{"line":17,"column":26},"end":{"line":17,"column":36}},"line":17},"5":{"name":"(anonymous_5)","decl":{"start":{"line":20,"column":27},"end":{"line":20,"column":33}},"loc":{"start":{"line":20,"column":33},"end":{"line":24,"column":null}},"line":20},"6":{"name":"(anonymous_6)","decl":{"start":{"line":22,"column":18},"end":{"line":22,"column":19}},"loc":{"start":{"line":22,"column":28},"end":{"line":22,"column":38}},"line":22},"7":{"name":"(anonymous_7)","decl":{"start":{"line":28,"column":22},"end":{"line":28,"column":28}},"loc":{"start":{"line":28,"column":28},"end":{"line":32,"column":null}},"line":28}},"branchMap":{"0":{"loc":{"start":{"line":4,"column":48},"end":{"line":4,"column":66}},"type":"default-arg","locations":[{"start":{"line":4,"column":61},"end":{"line":4,"column":66}}],"line":4},"1":{"loc":{"start":{"line":4,"column":66},"end":{"line":4,"column":82}},"type":"default-arg","locations":[{"start":{"line":4,"column":76},"end":{"line":4,"column":82}}],"line":4},"2":{"loc":{"start":{"line":9,"column":4},"end":{"line":9,"column":null}},"type":"if","locations":[{"start":{"line":9,"column":4},"end":{"line":9,"column":null}},{"start":{},"end":{}}],"line":9},"3":{"loc":{"start":{"line":14,"column":26},"end":{"line":14,"column":null}},"type":"cond-expr","locations":[{"start":{"line":14,"column":50},"end":{"line":14,"column":60}},{"start":{"line":14,"column":60},"end":{"line":14,"column":null}}],"line":14},"4":{"loc":{"start":{"line":21,"column":4},"end":{"line":23,"column":null}},"type":"if","locations":[{"start":{"line":21,"column":4},"end":{"line":23,"column":null}},{"start":{},"end":{}}],"line":21},"5":{"loc":{"start":{"line":36,"column":7},"end":{"line":49,"column":null}},"type":"cond-expr","locations":[{"start":{"line":37,"column":8},"end":{"line":43,"column":null}},{"start":{"line":45,"column":8},"end":{"line":49,"column":null}}],"line":36},"6":{"loc":{"start":{"line":47,"column":15},"end":{"line":47,"column":null}},"type":"cond-expr","locations":[{"start":{"line":47,"column":43},"end":{"line":47,"column":51}},{"start":{"line":47,"column":51},"end":{"line":47,"column":null}}],"line":47},"7":{"loc":{"start":{"line":57,"column":11},"end":{"line":58,"column":null}},"type":"binary-expr","locations":[{"start":{"line":57,"column":11},"end":{"line":57,"column":null}},{"start":{"line":58,"column":12},"end":{"line":58,"column":null}}],"line":57}},"s":{"0":1,"1":11,"2":11,"3":11,"4":0,"5":0,"6":0,"7":0,"8":0,"9":11,"10":11,"11":2,"12":2,"13":11,"14":1,"15":1,"16":1,"17":11,"18":11,"19":1,"20":1,"21":1,"22":11},"f":{"0":11,"1":0,"2":0,"3":2,"4":2,"5":1,"6":1,"7":1},"b":{"0":[11],"1":[11],"2":[0,0],"3":[11,0],"4":[1,0],"5":[0,11],"6":[11,0],"7":[11,11]},"meta":{"lastBranch":8,"lastFunction":8,"lastStatement":23,"seen":{"s:4:20:106:Infinity":0,"f:4:20:4:21":0,"b:4:61:4:66":0,"b:4:76:4:82":1,"s:5:20:5:Infinity":1,"s:6:30:6:Infinity":2,"s:8:26:12:Infinity":3,"f:8:26:8:27":1,"b:9:4:9:Infinity:undefined:undefined:undefined:undefined":2,"s:9:4:9:Infinity":4,"s:9:14:9:Infinity":5,"s:10:28:10:Infinity":6,"s:11:4:11:Infinity":7,"f:11:32:11:33":2,"s:11:41:11:72":8,"s:14:26:14:Infinity":9,"b:14:50:14:60:14:60:14:Infinity":3,"s:16:27:18:Infinity":10,"f:16:27:16:33":3,"s:17:4:17:Infinity":11,"f:17:16:17:17":4,"s:17:26:17:36":12,"s:20:27:24:Infinity":13,"f:20:27:20:33":5,"b:21:4:23:Infinity:undefined:undefined:undefined:undefined":4,"s:21:4:23:Infinity":14,"s:22:6:22:Infinity":15,"f:22:18:22:19":6,"s:22:28:22:38":16,"s:26:8:26:Infinity":17,"s:28:22:32:Infinity":18,"f:28:22:28:28":7,"s:29:20:29:Infinity":19,"s:30:4:30:Infinity":20,"s:31:4:31:Infinity":21,"s:34:2:104:Infinity":22,"b:37:8:43:Infinity:45:8:49:Infinity":5,"b:47:43:47:51:47:51:47:Infinity":6,"b:57:11:57:Infinity:58:12:58:Infinity":7}}}
,"C:\\Users\\Asus\\Downloads\\Gluva-main\\Gluva-main\\src\\context\\CartContext.jsx": {"path":"C:\\Users\\Asus\\Downloads\\Gluva-main\\Gluva-main\\src\\context\\CartContext.jsx","statementMap":{"0":{"start":{"line":3,"column":6},"end":{"line":3,"column":null}},"1":{"start":{"line":5,"column":21},"end":{"line":9,"column":null}},"2":{"start":{"line":11,"column":20},"end":{"line":49,"column":null}},"3":{"start":{"line":12,"column":2},"end":{"line":48,"column":null}},"4":{"start":{"line":14,"column":36},"end":{"line":14,"column":null}},"5":{"start":{"line":15,"column":23},"end":{"line":15,"column":null}},"6":{"start":{"line":15,"column":50},"end":{"line":15,"column":79}},"7":{"start":{"line":17,"column":6},"end":{"line":24,"column":null}},"8":{"start":{"line":18,"column":8},"end":{"line":23,"column":null}},"9":{"start":{"line":21,"column":12},"end":{"line":21,"column":null}},"10":{"start":{"line":26,"column":6},"end":{"line":37,"column":null}},"11":{"start":{"line":40,"column":6},"end":{"line":43,"column":null}},"12":{"start":{"line":42,"column":44},"end":{"line":42,"column":77}},"13":{"start":{"line":45,"column":6},"end":{"line":45,"column":null}},"14":{"start":{"line":47,"column":6},"end":{"line":47,"column":null}},"15":{"start":{"line":51,"column":28},"end":{"line":82,"column":null}},"16":{"start":{"line":52,"column":23},"end":{"line":52,"column":null}},"17":{"start":{"line":54,"column":8},"end":{"line":56,"column":null}},"18":{"start":{"line":55,"column":4},"end":{"line":55,"column":null}},"19":{"start":{"line":55,"column":44},"end":{"line":55,"column":83}},"20":{"start":{"line":58,"column":20},"end":{"line":60,"column":null}},"21":{"start":{"line":59,"column":4},"end":{"line":59,"column":null}},"22":{"start":{"line":62,"column":25},"end":{"line":64,"column":null}},"23":{"start":{"line":63,"column":4},"end":{"line":63,"column":null}},"24":{"start":{"line":66,"column":20},"end":{"line":68,"column":null}},"25":{"start":{"line":67,"column":4},"end":{"line":67,"column":null}},"26":{"start":{"line":70,"column":8},"end":{"line":79,"column":null}},"27":{"start":{"line":71,"column":11},"end":{"line":77,"column":null}},"28":{"start":{"line":81,"column":2},"end":{"line":81,"column":null}},"29":{"start":{"line":84,"column":23},"end":{"line":88,"column":null}},"30":{"start":{"line":85,"column":8},"end":{"line":85,"column":null}},"31":{"start":{"line":86,"column":2},"end":{"line":86,"column":null}},"32":{"start":{"line":86,"column":16},"end":{"line":86,"column":null}},"33":{"start":{"line":87,"column":2},"end":{"line":87,"column":null}}},"fnMap":{"0":{"name":"(anonymous_0)","decl":{"start":{"line":11,"column":20},"end":{"line":11,"column":21}},"loc":{"start":{"line":11,"column":39},"end":{"line":49,"column":null}},"line":11},"1":{"name":"(anonymous_1)","decl":{"start":{"line":15,"column":40},"end":{"line":15,"column":41}},"loc":{"start":{"line":15,"column":50},"end":{"line":15,"column":79}},"line":15},"2":{"name":"(anonymous_2)","decl":{"start":{"line":20,"column":33},"end":{"line":20,"column":34}},"loc":{"start":{"line":21,"column":12},"end":{"line":21,"column":null}},"line":21},"3":{"name":"(anonymous_3)","decl":{"start":{"line":42,"column":34},"end":{"line":42,"column":35}},"loc":{"start":{"line":42,"column":44},"end":{"line":42,"column":77}},"line":42},"4":{"name":"(anonymous_4)","decl":{"start":{"line":51,"column":28},"end":{"line":51,"column":29}},"loc":{"start":{"line":51,"column":46},"end":{"line":82,"column":null}},"line":51},"5":{"name":"(anonymous_5)","decl":{"start":{"line":54,"column":29},"end":{"line":54,"column":35}},"loc":{"start":{"line":54,"column":35},"end":{"line":56,"column":5}},"line":54},"6":{"name":"(anonymous_6)","decl":{"start":{"line":55,"column":29},"end":{"line":55,"column":30}},"loc":{"start":{"line":55,"column":44},"end":{"line":55,"column":83}},"line":55},"7":{"name":"(anonymous_7)","decl":{"start":{"line":58,"column":20},"end":{"line":58,"column":21}},"loc":{"start":{"line":58,"column":43},"end":{"line":60,"column":null}},"line":58},"8":{"name":"(anonymous_8)","decl":{"start":{"line":62,"column":25},"end":{"line":62,"column":26}},"loc":{"start":{"line":62,"column":40},"end":{"line":64,"column":null}},"line":62},"9":{"name":"(anonymous_9)","decl":{"start":{"line":66,"column":20},"end":{"line":66,"column":26}},"loc":{"start":{"line":66,"column":26},"end":{"line":68,"column":null}},"line":66},"10":{"name":"(anonymous_10)","decl":{"start":{"line":71,"column":4},"end":{"line":71,"column":11}},"loc":{"start":{"line":71,"column":11},"end":{"line":77,"column":null}},"line":71},"11":{"name":"(anonymous_11)","decl":{"start":{"line":84,"column":23},"end":{"line":84,"column":29}},"loc":{"start":{"line":84,"column":29},"end":{"line":88,"column":null}},"line":84}},"branchMap":{"0":{"loc":{"start":{"line":12,"column":2},"end":{"line":48,"column":null}},"type":"switch","locations":[{"start":{"line":13,"column":4},"end":{"line":38,"column":null}},{"start":{"line":39,"column":4},"end":{"line":43,"column":null}},{"start":{"line":44,"column":4},"end":{"line":45,"column":null}},{"start":{"line":46,"column":4},"end":{"line":47,"column":null}}],"line":12},"1":{"loc":{"start":{"line":17,"column":6},"end":{"line":24,"column":null}},"type":"if","locations":[{"start":{"line":17,"column":6},"end":{"line":24,"column":null}},{"start":{},"end":{}}],"line":17},"2":{"loc":{"start":{"line":21,"column":12},"end":{"line":21,"column":null}},"type":"cond-expr","locations":[{"start":{"line":21,"column":44},"end":{"line":21,"column":94}},{"start":{"line":21,"column":94},"end":{"line":21,"column":null}}],"line":21},"3":{"loc":{"start":{"line":86,"column":2},"end":{"line":86,"column":null}},"type":"if","locations":[{"start":{"line":86,"column":2},"end":{"line":86,"column":null}},{"start":{},"end":{}}],"line":86}},"s":{"0":1,"1":1,"2":1,"3":1,"4":1,"5":1,"6":0,"7":1,"8":0,"9":0,"10":1,"11":0,"12":0,"13":0,"14":0,"15":1,"16":8,"17":8,"18":8,"19":1,"20":8,"21":1,"22":8,"23":0,"24":8,"25":0,"26":8,"27":8,"28":8,"29":1,"30":11,"31":11,"32":0,"33":11},"f":{"0":1,"1":0,"2":0,"3":0,"4":8,"5":8,"6":1,"7":1,"8":0,"9":0,"10":8,"11":11},"b":{"0":[1,0,0,0],"1":[0,1],"2":[0,0],"3":[0,11]},"meta":{"lastBranch":4,"lastFunction":12,"lastStatement":34,"seen":{"s:3:6:3:Infinity":0,"s:5:21:9:Infinity":1,"s:11:20:49:Infinity":2,"f:11:20:11:21":0,"b:13:4:38:Infinity:39:4:43:Infinity:44:4:45:Infinity:46:4:47:Infinity":0,"s:12:2:48:Infinity":3,"s:14:36:14:Infinity":4,"s:15:23:15:Infinity":5,"f:15:40:15:41":1,"s:15:50:15:79":6,"b:17:6:24:Infinity:undefined:undefined:undefined:undefined":1,"s:17:6:24:Infinity":7,"s:18:8:23:Infinity":8,"f:20:33:20:34":2,"s:21:12:21:Infinity":9,"b:21:44:21:94:21:94:21:Infinity":2,"s:26:6:37:Infinity":10,"s:40:6:43:Infinity":11,"f:42:34:42:35":3,"s:42:44:42:77":12,"s:45:6:45:Infinity":13,"s:47:6:47:Infinity":14,"s:51:28:82:Infinity":15,"f:51:28:51:29":4,"s:52:23:52:Infinity":16,"s:54:8:56:Infinity":17,"f:54:29:54:35":5,"s:55:4:55:Infinity":18,"f:55:29:55:30":6,"s:55:44:55:83":19,"s:58:20:60:Infinity":20,"f:58:20:58:21":7,"s:59:4:59:Infinity":21,"s:62:25:64:Infinity":22,"f:62:25:62:26":8,"s:63:4:63:Infinity":23,"s:66:20:68:Infinity":24,"f:66:20:66:26":9,"s:67:4:67:Infinity":25,"s:70:8:79:Infinity":26,"f:71:4:71:11":10,"s:71:11:77:Infinity":27,"s:81:2:81:Infinity":28,"s:84:23:88:Infinity":29,"f:84:23:84:29":11,"s:85:8:85:Infinity":30,"b:86:2:86:Infinity:undefined:undefined:undefined:undefined":3,"s:86:2:86:Infinity":31,"s:86:16:86:Infinity":32,"s:87:2:87:Infinity":33}}}
}
